This file contains any messages produced by compilers while
running configure, to aid debugging if configure makes a mistake.

It was created by dbus_echo configure 0.1, which was
generated by GNU Autoconf 2.69.  Invocation command line was

  $ ./configure --no-create --no-recursion

## --------- ##
## Platform. ##
## --------- ##

hostname = linux-a9xa
uname -m = x86_64
uname -r = 3.16.6-2-desktop
uname -s = Linux
uname -v = #1 SMP PREEMPT Mon Oct 20 13:47:22 UTC 2014 (feb42ea)

/usr/bin/uname -p = x86_64
/bin/uname -X     = unknown

/bin/arch              = x86_64
/usr/bin/arch -k       = unknown
/usr/convex/getsysinfo = unknown
/usr/bin/hostinfo      = unknown
/bin/machine           = unknown
/usr/bin/oslevel       = unknown
/bin/universe          = unknown

PATH: /home/ndas/bin
PATH: /usr/local/bin
PATH: /usr/bin
PATH: /sbin
PATH: /usr/sbin
PATH: /bin
PATH: /usr/bin/X11
PATH: /usr/games


## ----------- ##
## Core tests. ##
## ----------- ##

configure:2180: loading site script /usr/share/site/x86_64-unknown-linux-gnu
| #!/bin/sh
| # Site script for configure. It is resourced via $CONFIG_SITE environment varaible.
| 
| # If user did not specify libdir, guess the correct target:
| # Use lib64 for 64 bit bi-arch targets, keep the default for the rest.
| if test "$libdir" = '${exec_prefix}/lib' ; then
| 
| 	ac_config_site_64bit_host=NONE
| 
| 	case "$host" in
| 	"" )
| 		# User did not specify host target.
| 		# The native platform x86_64 is a bi-arch platform.
| 		# Try to detect cross-compilation to inferior architecture.
| 
| 		# We are trying to guess 32-bit target compilation. It's not as easy as
| 		# it sounds, as there is possible several intermediate combinations.
| 		ac_config_site_cross_to_32bit_host=NONE
| 
| 		# User defined -m32 in CFLAGS or CXXFLAGS:
| 		# (It's sufficient for 32-bit, but alone may cause mis-behavior of some checks.)
| 		case "$CFLAGS" in
| 		*-m32*)
| 			ac_config_site_cross_to_32bit_host=YES
| 			;;
| 		esac
| 		case "$CXXFLAGS" in
| 		*-m32*)
| 			ac_config_site_cross_to_32bit_host=YES
| 			;;
| 		esac
| 
| 		# Running with linux32:
| 		# (Changes detected platform, but not the toolchain target.)
| 		case "`/bin/uname -i`" in
| 		x86_64 | ppc64 | s390x )
| 			;;
| 		* )
| 			ac_config_site_cross_to_32bit_host=YES
| 			;;
| 		esac
| 
| 		if test "x$ac_config_site_cross_to_32bit_host" = xNONE; then
| 			ac_config_site_64bit_host=YES
| 		fi
| 
| 		;;
| 	*x86_64* | *ppc64* | *s390x* )
| 		ac_config_site_64bit_host=YES
| 		;;
| 	esac
| 
| 	if test "x$ac_config_site_64bit_host" = xYES; then
| 		libdir='${exec_prefix}/lib64'
| 	fi
| fi
| 
| # If user did not specify libexecdir, set the correct target:
| # Nor FHS nor openSUSE allow prefix/libexec. Let's default to prefix/lib.
| 
| if test "$libexecdir" = '${exec_prefix}/libexec' ; then
| 	libexecdir='${exec_prefix}/lib'
| fi
| 
| # Continue with the standard behavior of configure defined in AC_SITE_LOAD:
| if test "x$prefix" != xNONE; then
| 	ac_site_file1=$prefix/share/config.site
| 	ac_site_file2=$prefix/etc/config.site
| else
| 	ac_site_file1=$ac_default_prefix/share/config.site
| 	ac_site_file2=$ac_default_prefix/etc/config.site
| fi
| for ac_site_file in "$ac_site_file1" "$ac_site_file2"
| do
| 	test "x$ac_site_file" = xNONE && continue
| 	if test /dev/null != "$ac_site_file" && test -r "$ac_site_file"; then
| 		{ $as_echo "/usr/share/site/x86_64-unknown-linux-gnu:${as_lineno-$LINENO}: loading site script $ac_site_file" >&5
| $as_echo "/usr/share/site/x86_64-unknown-linux-gnu: loading site script $ac_site_file" >&6;}
| 		sed 's/^/| /' "$ac_site_file" >&5
| 		. "$ac_site_file" \
| 			|| { { $as_echo "/usr/share/site/x86_64-unknown-linux-gnu:${as_lineno-$LINENO}: error: in \`$ac_pwd':" >&5
| $as_echo "/usr/share/site/x86_64-unknown-linux-gnu: error: in \`$ac_pwd':" >&2;}
| as_fn_error $? "failed to load site script $ac_site_file
| See \`config.log' for more details" "$LINENO" 5; }
| 	fi
| done
configure:2321: checking for a BSD-compatible install
configure:2389: result: /usr/bin/install -c
configure:2400: checking whether build environment is sane
configure:2455: result: yes
configure:2606: checking for a thread-safe mkdir -p
configure:2645: result: /usr/bin/mkdir -p
configure:2652: checking for gawk
configure:2668: found /usr/bin/gawk
configure:2679: result: gawk
configure:2690: checking whether make sets $(MAKE)
configure:2712: result: yes
configure:2741: checking whether make supports nested variables
configure:2758: result: yes
configure:2871: checking build system type
configure:2885: result: x86_64-suse-linux-gnu
configure:2905: checking host system type
configure:2918: result: x86_64-suse-linux-gnu
configure:2959: checking how to print strings
configure:2986: result: printf
configure:3019: checking for style of include used by make
configure:3047: result: GNU
configure:3118: checking for gcc
configure:3134: found /usr/bin/gcc
configure:3145: result: gcc
configure:3374: checking for C compiler version
configure:3383: gcc --version >&5
gcc (SUSE Linux) 4.8.3 20140627 [gcc-4_8-branch revision 212064]
Copyright (C) 2013 Free Software Foundation, Inc.
This is free software; see the source for copying conditions.  There is NO
warranty; not even for MERCHANTABILITY or FITNESS FOR A PARTICULAR PURPOSE.

configure:3394: $? = 0
configure:3383: gcc -v >&5
Using built-in specs.
COLLECT_GCC=gcc
COLLECT_LTO_WRAPPER=/usr/lib64/gcc/x86_64-suse-linux/4.8/lto-wrapper
Target: x86_64-suse-linux
Configured with: ../configure --prefix=/usr --infodir=/usr/share/info --mandir=/usr/share/man --libdir=/usr/lib64 --libexecdir=/usr/lib64 --enable-languages=c,c++,objc,fortran,obj-c++,java,ada --enable-checking=release --with-gxx-include-dir=/usr/include/c++/4.8 --enable-ssp --disable-libssp --disable-plugin --with-bugurl=http://bugs.opensuse.org/ --with-pkgversion='SUSE Linux' --disable-libgcj --disable-libmudflap --with-slibdir=/lib64 --with-system-zlib --enable-__cxa_atexit --enable-libstdcxx-allocator=new --disable-libstdcxx-pch --enable-version-specific-runtime-libs --enable-linker-build-id --enable-linux-futex --program-suffix=-4.8 --without-system-libunwind --with-arch-32=i586 --with-tune=generic --build=x86_64-suse-linux --host=x86_64-suse-linux
Thread model: posix
gcc version 4.8.3 20140627 [gcc-4_8-branch revision 212064] (SUSE Linux) 
configure:3394: $? = 0
configure:3383: gcc -V >&5
gcc: error: unrecognized command line option '-V'
gcc: fatal error: no input files
compilation terminated.
configure:3394: $? = 1
configure:3383: gcc -qversion >&5
gcc: error: unrecognized command line option '-qversion'
gcc: fatal error: no input files
compilation terminated.
configure:3394: $? = 1
configure:3414: checking whether the C compiler works
configure:3436: gcc    conftest.c  >&5
configure:3440: $? = 0
configure:3488: result: yes
configure:3491: checking for C compiler default output file name
configure:3493: result: a.out
configure:3499: checking for suffix of executables
configure:3506: gcc -o conftest    conftest.c  >&5
configure:3510: $? = 0
configure:3532: result: 
configure:3554: checking whether we are cross compiling
configure:3562: gcc -o conftest    conftest.c  >&5
configure:3566: $? = 0
configure:3573: ./conftest
configure:3577: $? = 0
configure:3592: result: no
configure:3597: checking for suffix of object files
configure:3619: gcc -c   conftest.c >&5
configure:3623: $? = 0
configure:3644: result: o
configure:3648: checking whether we are using the GNU C compiler
configure:3667: gcc -c   conftest.c >&5
configure:3667: $? = 0
configure:3676: result: yes
configure:3685: checking whether gcc accepts -g
configure:3705: gcc -c -g  conftest.c >&5
configure:3705: $? = 0
configure:3746: result: yes
configure:3763: checking for gcc option to accept ISO C89
configure:3826: gcc  -c -g -O2  conftest.c >&5
configure:3826: $? = 0
configure:3839: result: none needed
configure:3861: checking dependency style of gcc
configure:3972: result: gcc3
configure:3987: checking for a sed that does not truncate output
configure:4051: result: /usr/bin/sed
configure:4069: checking for grep that handles long lines and -e
configure:4127: result: /usr/bin/grep
configure:4132: checking for egrep
configure:4194: result: /usr/bin/grep -E
configure:4199: checking for fgrep
configure:4261: result: /usr/bin/grep -F
configure:4296: checking for ld used by gcc
configure:4363: result: /usr/x86_64-suse-linux/bin/ld
configure:4370: checking if the linker (/usr/x86_64-suse-linux/bin/ld) is GNU ld
configure:4385: result: yes
configure:4397: checking for BSD- or MS-compatible name lister (nm)
configure:4446: result: /usr/bin/nm -B
configure:4576: checking the name lister (/usr/bin/nm -B) interface
configure:4583: gcc -c -g -O2  conftest.c >&5
configure:4586: /usr/bin/nm -B "conftest.o"
configure:4589: output
0000000000000000 B some_variable
configure:4596: result: BSD nm
configure:4599: checking whether ln -s works
configure:4603: result: yes
configure:4611: checking the maximum length of command line arguments
configure:4741: result: 1572864
configure:4758: checking whether the shell understands some XSI constructs
configure:4768: result: yes
configure:4772: checking whether the shell understands "+="
configure:4778: result: yes
configure:4813: checking how to convert x86_64-suse-linux-gnu file names to x86_64-suse-linux-gnu format
configure:4853: result: func_convert_file_noop
configure:4860: checking how to convert x86_64-suse-linux-gnu file names to toolchain format
configure:4880: result: func_convert_file_noop
configure:4887: checking for /usr/x86_64-suse-linux/bin/ld option to reload object files
configure:4894: result: -r
configure:4968: checking for objdump
configure:4984: found /usr/bin/objdump
configure:4995: result: objdump
configure:5027: checking how to recognize dependent libraries
configure:5229: result: pass_all
configure:5314: checking for dlltool
configure:5344: result: no
configure:5374: checking how to associate runtime and link libraries
configure:5401: result: printf %s\n
configure:5462: checking for ar
configure:5478: found /usr/bin/ar
configure:5489: result: ar
configure:5526: checking for archiver @FILE support
configure:5543: gcc -c -g -O2  conftest.c >&5
configure:5543: $? = 0
configure:5546: ar cru libconftest.a @conftest.lst >&5
configure:5549: $? = 0
configure:5554: ar cru libconftest.a @conftest.lst >&5
ar: conftest.o: No such file or directory
configure:5557: $? = 1
configure:5569: result: @
configure:5627: checking for strip
configure:5643: found /usr/bin/strip
configure:5654: result: strip
configure:5726: checking for ranlib
configure:5742: found /usr/bin/ranlib
configure:5753: result: ranlib
configure:5855: checking command to parse /usr/bin/nm -B output from gcc object
configure:5975: gcc -c -g -O2  conftest.c >&5
configure:5978: $? = 0
configure:5982: /usr/bin/nm -B conftest.o \| sed -n -e 's/^.*[ ]\([ABCDGIRSTW][ABCDGIRSTW]*\)[ ][ ]*\([_A-Za-z][_A-Za-z0-9]*\)$/\1 \2 \2/p' | sed '/ __gnu_lto/d' \> conftest.nm
configure:5985: $? = 0
configure:6051: gcc -o conftest -g -O2   conftest.c conftstm.o >&5
configure:6054: $? = 0
configure:6092: result: ok
configure:6129: checking for sysroot
configure:6159: result: no
configure:6236: gcc -c -g -O2  conftest.c >&5
configure:6239: $? = 0
configure:6421: checking for mt
configure:6437: found /usr/bin/mt
configure:6448: result: mt
configure:6471: checking if mt is a manifest tool
configure:6477: mt '-?'
configure:6485: result: no
configure:7127: checking how to run the C preprocessor
configure:7158: gcc -E  conftest.c
configure:7158: $? = 0
configure:7172: gcc -E  conftest.c
conftest.c:11:28: fatal error: ac_nonexistent.h: No such file or directory
 #include <ac_nonexistent.h>
                            ^
compilation terminated.
configure:7172: $? = 1
configure: failed program was:
| /* confdefs.h */
| #define PACKAGE_NAME "dbus_echo"
| #define PACKAGE_TARNAME "dbus_echo"
| #define PACKAGE_VERSION "0.1"
| #define PACKAGE_STRING "dbus_echo 0.1"
| #define PACKAGE_BUGREPORT "nirmoy.hcu@gmail.com"
| #define PACKAGE_URL ""
| #define PACKAGE "dbus_echo"
| #define VERSION "0.1"
| /* end confdefs.h.  */
| #include <ac_nonexistent.h>
configure:7197: result: gcc -E
configure:7217: gcc -E  conftest.c
configure:7217: $? = 0
configure:7231: gcc -E  conftest.c
conftest.c:11:28: fatal error: ac_nonexistent.h: No such file or directory
 #include <ac_nonexistent.h>
                            ^
compilation terminated.
configure:7231: $? = 1
configure: failed program was:
| /* confdefs.h */
| #define PACKAGE_NAME "dbus_echo"
| #define PACKAGE_TARNAME "dbus_echo"
| #define PACKAGE_VERSION "0.1"
| #define PACKAGE_STRING "dbus_echo 0.1"
| #define PACKAGE_BUGREPORT "nirmoy.hcu@gmail.com"
| #define PACKAGE_URL ""
| #define PACKAGE "dbus_echo"
| #define VERSION "0.1"
| /* end confdefs.h.  */
| #include <ac_nonexistent.h>
configure:7260: checking for ANSI C header files
configure:7280: gcc -c -g -O2  conftest.c >&5
configure:7280: $? = 0
configure:7353: gcc -o conftest -g -O2   conftest.c  >&5
configure:7353: $? = 0
configure:7353: ./conftest
configure:7353: $? = 0
configure:7364: result: yes
configure:7377: checking for sys/types.h
configure:7377: gcc -c -g -O2  conftest.c >&5
configure:7377: $? = 0
configure:7377: result: yes
configure:7377: checking for sys/stat.h
configure:7377: gcc -c -g -O2  conftest.c >&5
configure:7377: $? = 0
configure:7377: result: yes
configure:7377: checking for stdlib.h
configure:7377: gcc -c -g -O2  conftest.c >&5
configure:7377: $? = 0
configure:7377: result: yes
configure:7377: checking for string.h
configure:7377: gcc -c -g -O2  conftest.c >&5
configure:7377: $? = 0
configure:7377: result: yes
configure:7377: checking for memory.h
configure:7377: gcc -c -g -O2  conftest.c >&5
configure:7377: $? = 0
configure:7377: result: yes
configure:7377: checking for strings.h
configure:7377: gcc -c -g -O2  conftest.c >&5
configure:7377: $? = 0
configure:7377: result: yes
configure:7377: checking for inttypes.h
configure:7377: gcc -c -g -O2  conftest.c >&5
configure:7377: $? = 0
configure:7377: result: yes
configure:7377: checking for stdint.h
configure:7377: gcc -c -g -O2  conftest.c >&5
configure:7377: $? = 0
configure:7377: result: yes
configure:7377: checking for unistd.h
configure:7377: gcc -c -g -O2  conftest.c >&5
configure:7377: $? = 0
configure:7377: result: yes
configure:7391: checking for dlfcn.h
configure:7391: gcc -c -g -O2  conftest.c >&5
configure:7391: $? = 0
configure:7391: result: yes
configure:7597: checking for objdir
configure:7612: result: .libs
configure:7883: checking if gcc supports -fno-rtti -fno-exceptions
configure:7901: gcc -c -g -O2  -fno-rtti -fno-exceptions conftest.c >&5
cc1: warning: command line option '-fno-rtti' is valid for C++/ObjC++ but not for C [enabled by default]
configure:7905: $? = 0
configure:7918: result: no
configure:8245: checking for gcc option to produce PIC
configure:8252: result: -fPIC -DPIC
configure:8260: checking if gcc PIC flag -fPIC -DPIC works
configure:8278: gcc -c -g -O2  -fPIC -DPIC -DPIC conftest.c >&5
configure:8282: $? = 0
configure:8295: result: yes
configure:8324: checking if gcc static flag -static works
configure:8352: result: no
configure:8367: checking if gcc supports -c -o file.o
configure:8388: gcc -c -g -O2  -o out/conftest2.o conftest.c >&5
configure:8392: $? = 0
configure:8414: result: yes
configure:8422: checking if gcc supports -c -o file.o
configure:8469: result: yes
configure:8502: checking whether the gcc linker (/usr/x86_64-suse-linux/bin/ld -m elf_x86_64) supports shared libraries
configure:9655: result: yes
configure:9692: checking whether -lc should be explicitly linked in
configure:9700: gcc -c -g -O2  conftest.c >&5
configure:9703: $? = 0
configure:9718: gcc -shared  -fPIC -DPIC conftest.o  -v -Wl,-soname -Wl,conftest -o conftest 2\>\&1 \| /usr/bin/grep  -lc  \>/dev/null 2\>\&1
configure:9721: $? = 0
configure:9735: result: no
configure:9895: checking dynamic linker characteristics
configure:10406: gcc -o conftest -g -O2   -Wl,-rpath -Wl,/foo conftest.c  >&5
configure:10406: $? = 0
configure:10628: result: GNU/Linux ld.so
configure:10735: checking how to hardcode library paths into programs
configure:10760: result: immediate
configure:11300: checking whether stripping libraries is possible
configure:11305: result: yes
configure:11340: checking if libtool supports shared libraries
configure:11342: result: yes
configure:11345: checking whether to build shared libraries
configure:11366: result: yes
configure:11369: checking whether to build static libraries
configure:11373: result: yes
configure:11463: checking for gcc
configure:11490: result: gcc
configure:11719: checking for C compiler version
configure:11728: gcc --version >&5
gcc (SUSE Linux) 4.8.3 20140627 [gcc-4_8-branch revision 212064]
Copyright (C) 2013 Free Software Foundation, Inc.
This is free software; see the source for copying conditions.  There is NO
warranty; not even for MERCHANTABILITY or FITNESS FOR A PARTICULAR PURPOSE.

configure:11739: $? = 0
configure:11728: gcc -v >&5
Using built-in specs.
COLLECT_GCC=gcc
COLLECT_LTO_WRAPPER=/usr/lib64/gcc/x86_64-suse-linux/4.8/lto-wrapper
Target: x86_64-suse-linux
Configured with: ../configure --prefix=/usr --infodir=/usr/share/info --mandir=/usr/share/man --libdir=/usr/lib64 --libexecdir=/usr/lib64 --enable-languages=c,c++,objc,fortran,obj-c++,java,ada --enable-checking=release --with-gxx-include-dir=/usr/include/c++/4.8 --enable-ssp --disable-libssp --disable-plugin --with-bugurl=http://bugs.opensuse.org/ --with-pkgversion='SUSE Linux' --disable-libgcj --disable-libmudflap --with-slibdir=/lib64 --with-system-zlib --enable-__cxa_atexit --enable-libstdcxx-allocator=new --disable-libstdcxx-pch --enable-version-specific-runtime-libs --enable-linker-build-id --enable-linux-futex --program-suffix=-4.8 --without-system-libunwind --with-arch-32=i586 --with-tune=generic --build=x86_64-suse-linux --host=x86_64-suse-linux
Thread model: posix
gcc version 4.8.3 20140627 [gcc-4_8-branch revision 212064] (SUSE Linux) 
configure:11739: $? = 0
configure:11728: gcc -V >&5
gcc: error: unrecognized command line option '-V'
gcc: fatal error: no input files
compilation terminated.
configure:11739: $? = 1
configure:11728: gcc -qversion >&5
gcc: error: unrecognized command line option '-qversion'
gcc: fatal error: no input files
compilation terminated.
configure:11739: $? = 1
configure:11743: checking whether we are using the GNU C compiler
configure:11771: result: yes
configure:11780: checking whether gcc accepts -g
configure:11841: result: yes
configure:11858: checking for gcc option to accept ISO C89
configure:11934: result: none needed
configure:11956: checking dependency style of gcc
configure:12067: result: gcc3
configure:12089: checking for stdlib.h
configure:12089: result: yes
configure:12089: checking for unistd.h
configure:12089: result: yes
configure:12101: checking security/pam_modules.h usability
configure:12101: gcc -c -g -O2  conftest.c >&5
configure:12101: $? = 0
configure:12101: result: yes
configure:12101: checking security/pam_modules.h presence
configure:12101: gcc -E  conftest.c
configure:12101: $? = 0
configure:12101: result: yes
configure:12101: checking for security/pam_modules.h
configure:12101: result: yes
configure:12114: checking for stdbool.h that conforms to C99
configure:12181: gcc -c -g -O2  conftest.c >&5
configure:12181: $? = 0
configure:12188: result: yes
configure:12190: checking for _Bool
configure:12190: gcc -c -g -O2  conftest.c >&5
configure:12190: $? = 0
configure:12190: gcc -c -g -O2  conftest.c >&5
conftest.c: In function 'main':
conftest.c:62:20: error: expected expression before ')' token
 if (sizeof ((_Bool)))
                    ^
configure:12190: $? = 1
configure: failed program was:
| /* confdefs.h */
| #define PACKAGE_NAME "dbus_echo"
| #define PACKAGE_TARNAME "dbus_echo"
| #define PACKAGE_VERSION "0.1"
| #define PACKAGE_STRING "dbus_echo 0.1"
| #define PACKAGE_BUGREPORT "nirmoy.hcu@gmail.com"
| #define PACKAGE_URL ""
| #define PACKAGE "dbus_echo"
| #define VERSION "0.1"
| #define STDC_HEADERS 1
| #define HAVE_SYS_TYPES_H 1
| #define HAVE_SYS_STAT_H 1
| #define HAVE_STDLIB_H 1
| #define HAVE_STRING_H 1
| #define HAVE_MEMORY_H 1
| #define HAVE_STRINGS_H 1
| #define HAVE_INTTYPES_H 1
| #define HAVE_STDINT_H 1
| #define HAVE_UNISTD_H 1
| #define HAVE_DLFCN_H 1
| #define LT_OBJDIR ".libs/"
| #define HAVE_STDLIB_H 1
| #define HAVE_UNISTD_H 1
| #define HAVE_SECURITY_PAM_MODULES_H 1
| /* end confdefs.h.  */
| #include <stdio.h>
| #ifdef HAVE_SYS_TYPES_H
| # include <sys/types.h>
| #endif
| #ifdef HAVE_SYS_STAT_H
| # include <sys/stat.h>
| #endif
| #ifdef STDC_HEADERS
| # include <stdlib.h>
| # include <stddef.h>
| #else
| # ifdef HAVE_STDLIB_H
| #  include <stdlib.h>
| # endif
| #endif
| #ifdef HAVE_STRING_H
| # if !defined STDC_HEADERS && defined HAVE_MEMORY_H
| #  include <memory.h>
| # endif
| # include <string.h>
| #endif
| #ifdef HAVE_STRINGS_H
| # include <strings.h>
| #endif
| #ifdef HAVE_INTTYPES_H
| # include <inttypes.h>
| #endif
| #ifdef HAVE_STDINT_H
| # include <stdint.h>
| #endif
| #ifdef HAVE_UNISTD_H
| # include <unistd.h>
| #endif
| int
| main ()
| {
| if (sizeof ((_Bool)))
| 	    return 0;
|   ;
|   return 0;
| }
configure:12190: result: yes
configure:12259: checking for pkg-config
configure:12277: found /usr/bin/pkg-config
configure:12289: result: /usr/bin/pkg-config
configure:12314: checking pkg-config is at least version 0.9.0
configure:12317: result: yes
configure:12327: checking for DBUS
configure:12334: $PKG_CONFIG --exists --print-errors "dbus-1 >= $DBUS_REQUIRED "
configure:12337: $? = 0
configure:12351: $PKG_CONFIG --exists --print-errors "dbus-1 >= $DBUS_REQUIRED "
configure:12354: $? = 0
configure:12412: result: yes
configure:12530: checking that generated files are newer than configure
configure:12536: result: done
configure:12563: creating ./config.status

## ---------------- ##
## Cache variables. ##
## ---------------- ##

ac_cv_build=x86_64-suse-linux-gnu
ac_cv_c_compiler_gnu=yes
ac_cv_env_CC_set=
ac_cv_env_CC_value=
ac_cv_env_CFLAGS_set=
ac_cv_env_CFLAGS_value=
ac_cv_env_CPPFLAGS_set=
ac_cv_env_CPPFLAGS_value=
ac_cv_env_CPP_set=
ac_cv_env_CPP_value=
ac_cv_env_DBUS_CFLAGS_set=
ac_cv_env_DBUS_CFLAGS_value=
ac_cv_env_DBUS_LIBS_set=
ac_cv_env_DBUS_LIBS_value=
ac_cv_env_LDFLAGS_set=
ac_cv_env_LDFLAGS_value=
ac_cv_env_LIBS_set=
ac_cv_env_LIBS_value=
ac_cv_env_PKG_CONFIG_LIBDIR_set=
ac_cv_env_PKG_CONFIG_LIBDIR_value=
ac_cv_env_PKG_CONFIG_PATH_set=
ac_cv_env_PKG_CONFIG_PATH_value=
ac_cv_env_PKG_CONFIG_set=
ac_cv_env_PKG_CONFIG_value=
ac_cv_env_build_alias_set=
ac_cv_env_build_alias_value=
ac_cv_env_host_alias_set=
ac_cv_env_host_alias_value=
ac_cv_env_target_alias_set=
ac_cv_env_target_alias_value=
ac_cv_header_dlfcn_h=yes
ac_cv_header_inttypes_h=yes
ac_cv_header_memory_h=yes
ac_cv_header_security_pam_modules_h=yes
ac_cv_header_stdbool_h=yes
ac_cv_header_stdc=yes
ac_cv_header_stdint_h=yes
ac_cv_header_stdlib_h=yes
ac_cv_header_string_h=yes
ac_cv_header_strings_h=yes
ac_cv_header_sys_stat_h=yes
ac_cv_header_sys_types_h=yes
ac_cv_header_unistd_h=yes
ac_cv_host=x86_64-suse-linux-gnu
ac_cv_objext=o
ac_cv_path_EGREP='/usr/bin/grep -E'
ac_cv_path_FGREP='/usr/bin/grep -F'
ac_cv_path_GREP=/usr/bin/grep
ac_cv_path_SED=/usr/bin/sed
ac_cv_path_ac_pt_PKG_CONFIG=/usr/bin/pkg-config
ac_cv_path_install='/usr/bin/install -c'
ac_cv_path_mkdir=/usr/bin/mkdir
ac_cv_prog_AWK=gawk
ac_cv_prog_CPP='gcc -E'
ac_cv_prog_ac_ct_AR=ar
ac_cv_prog_ac_ct_CC=gcc
ac_cv_prog_ac_ct_MANIFEST_TOOL=mt
ac_cv_prog_ac_ct_OBJDUMP=objdump
ac_cv_prog_ac_ct_RANLIB=ranlib
ac_cv_prog_ac_ct_STRIP=strip
ac_cv_prog_cc_c89=
ac_cv_prog_cc_g=yes
ac_cv_prog_make_make_set=yes
ac_cv_type__Bool=yes
am_cv_CC_dependencies_compiler_type=gcc3
am_cv_make_support_nested_variables=yes
lt_cv_ar_at_file=@
lt_cv_archive_cmds_need_lc=no
lt_cv_deplibs_check_method=pass_all
lt_cv_file_magic_cmd='$MAGIC_CMD'
lt_cv_file_magic_test_file=
lt_cv_ld_reload_flag=-r
lt_cv_nm_interface='BSD nm'
lt_cv_objdir=.libs
lt_cv_path_LD=/usr/x86_64-suse-linux/bin/ld
lt_cv_path_NM='/usr/bin/nm -B'
lt_cv_path_mainfest_tool=no
lt_cv_prog_compiler_c_o=yes
lt_cv_prog_compiler_pic='-fPIC -DPIC'
lt_cv_prog_compiler_pic_works=yes
lt_cv_prog_compiler_rtti_exceptions=no
lt_cv_prog_compiler_static_works=no
lt_cv_prog_gnu_ld=yes
lt_cv_sharedlib_from_linklib_cmd='printf %s\n'
lt_cv_shlibpath_overrides_runpath=yes
lt_cv_sys_global_symbol_pipe='sed -n -e '\''s/^.*[	 ]\([ABCDGIRSTW][ABCDGIRSTW]*\)[	 ][	 ]*\([_A-Za-z][_A-Za-z0-9]*\)$/\1 \2 \2/p'\'' | sed '\''/ __gnu_lto/d'\'''
lt_cv_sys_global_symbol_to_c_name_address='sed -n -e '\''s/^: \([^ ]*\)[ ]*$/  {\"\1\", (void *) 0},/p'\'' -e '\''s/^[ABCDGIRSTW]* \([^ ]*\) \([^ ]*\)$/  {"\2", (void *) \&\2},/p'\'''
lt_cv_sys_global_symbol_to_c_name_address_lib_prefix='sed -n -e '\''s/^: \([^ ]*\)[ ]*$/  {\"\1\", (void *) 0},/p'\'' -e '\''s/^[ABCDGIRSTW]* \([^ ]*\) \(lib[^ ]*\)$/  {"\2", (void *) \&\2},/p'\'' -e '\''s/^[ABCDGIRSTW]* \([^ ]*\) \([^ ]*\)$/  {"lib\2", (void *) \&\2},/p'\'''
lt_cv_sys_global_symbol_to_cdecl='sed -n -e '\''s/^T .* \(.*\)$/extern int \1();/p'\'' -e '\''s/^[ABCDGIRSTW]* .* \(.*\)$/extern char \1;/p'\'''
lt_cv_sys_max_cmd_len=1572864
lt_cv_to_host_file_cmd=func_convert_file_noop
lt_cv_to_tool_file_cmd=func_convert_file_noop
pkg_cv_DBUS_CFLAGS='-I/usr/include/dbus-1.0 -I/usr/lib64/dbus-1.0/include '
pkg_cv_DBUS_LIBS='-ldbus-1 '

## ----------------- ##
## Output variables. ##
## ----------------- ##

ACLOCAL='${SHELL} /home/ndas/test/dbus_echo-0.1/missing aclocal-1.13'
AMDEPBACKSLASH='\'
AMDEP_FALSE='#'
AMDEP_TRUE=''
AMTAR='$${TAR-tar}'
AM_BACKSLASH='\'
AM_DEFAULT_V='$(AM_DEFAULT_VERBOSITY)'
AM_DEFAULT_VERBOSITY='1'
AM_V='$(V)'
AR='ar'
AUTOCONF='${SHELL} /home/ndas/test/dbus_echo-0.1/missing autoconf'
AUTOHEADER='${SHELL} /home/ndas/test/dbus_echo-0.1/missing autoheader'
AUTOMAKE='${SHELL} /home/ndas/test/dbus_echo-0.1/missing automake-1.13'
AWK='gawk'
CC='gcc'
CCDEPMODE='depmode=gcc3'
CFLAGS='-g -O2'
CPP='gcc -E'
CPPFLAGS=''
CYGPATH_W='echo'
DBUS_CFLAGS='-I/usr/include/dbus-1.0 -I/usr/lib64/dbus-1.0/include '
DBUS_LIBS='-ldbus-1 '
DEFS='-DHAVE_CONFIG_H'
DEPDIR='.deps'
DLLTOOL='false'
DSYMUTIL=''
DUMPBIN=''
ECHO_C=''
ECHO_N='-n'
ECHO_T=''
EGREP='/usr/bin/grep -E'
EXEEXT=''
FGREP='/usr/bin/grep -F'
GREP='/usr/bin/grep'
INSTALL_DATA='${INSTALL} -m 644'
INSTALL_PROGRAM='${INSTALL}'
INSTALL_SCRIPT='${INSTALL}'
INSTALL_STRIP_PROGRAM='$(install_sh) -c -s'
LD='/usr/x86_64-suse-linux/bin/ld -m elf_x86_64'
LDFLAGS=''
LIBOBJS=''
LIBS=''
LIBTOOL='$(SHELL) $(top_builddir)/libtool'
LIPO=''
LN_S='ln -s'
LTLIBOBJS=''
MAKEINFO='${SHELL} /home/ndas/test/dbus_echo-0.1/missing makeinfo'
MANIFEST_TOOL=':'
MKDIR_P='/usr/bin/mkdir -p'
NM='/usr/bin/nm -B'
NMEDIT=''
OBJDUMP='objdump'
OBJEXT='o'
OTOOL64=''
OTOOL=''
PACKAGE='dbus_echo'
PACKAGE_BUGREPORT='nirmoy.hcu@gmail.com'
PACKAGE_NAME='dbus_echo'
PACKAGE_STRING='dbus_echo 0.1'
PACKAGE_TARNAME='dbus_echo'
PACKAGE_URL=''
PACKAGE_VERSION='0.1'
PATH_SEPARATOR=':'
PKG_CONFIG='/usr/bin/pkg-config'
PKG_CONFIG_LIBDIR=''
PKG_CONFIG_PATH=''
RANLIB='ranlib'
SED='/usr/bin/sed'
SET_MAKE=''
SHELL='/bin/sh'
STRIP='strip'
VERSION='0.1'
ac_ct_AR='ar'
ac_ct_CC='gcc'
ac_ct_DUMPBIN=''
am__EXEEXT_FALSE=''
am__EXEEXT_TRUE='#'
am__fastdepCC_FALSE='#'
am__fastdepCC_TRUE=''
am__include='include'
am__isrc=''
am__leading_dot='.'
am__nodep='_no'
am__quote=''
am__tar='$${TAR-tar} chof - "$$tardir"'
am__untar='$${TAR-tar} xf -'
bindir='${exec_prefix}/bin'
build='x86_64-suse-linux-gnu'
build_alias=''
build_cpu='x86_64'
build_os='linux-gnu'
build_vendor='suse'
datadir='${datarootdir}'
datarootdir='${prefix}/share'
docdir='${datarootdir}/doc/${PACKAGE_TARNAME}'
dvidir='${docdir}'
exec_prefix='${prefix}'
host='x86_64-suse-linux-gnu'
host_alias=''
host_cpu='x86_64'
host_os='linux-gnu'
host_vendor='suse'
htmldir='${docdir}'
includedir='${prefix}/include'
infodir='${datarootdir}/info'
install_sh='${SHELL} /home/ndas/test/dbus_echo-0.1/install-sh'
libdir='${exec_prefix}/lib64'
libexecdir='${exec_prefix}/lib'
localedir='${datarootdir}/locale'
localstatedir='${prefix}/var'
mandir='${datarootdir}/man'
mkdir_p='$(MKDIR_P)'
oldincludedir='/usr/include'
pdfdir='${docdir}'
prefix='/usr/local'
program_transform_name='s,x,x,'
psdir='${docdir}'
sbindir='${exec_prefix}/sbin'
sharedstatedir='${prefix}/com'
sysconfdir='${prefix}/etc'
target_alias=''

## ----------- ##
## confdefs.h. ##
## ----------- ##

/* confdefs.h */
#define PACKAGE_NAME "dbus_echo"
#define PACKAGE_TARNAME "dbus_echo"
#define PACKAGE_VERSION "0.1"
#define PACKAGE_STRING "dbus_echo 0.1"
#define PACKAGE_BUGREPORT "nirmoy.hcu@gmail.com"
#define PACKAGE_URL ""
#define PACKAGE "dbus_echo"
#define VERSION "0.1"
#define STDC_HEADERS 1
#define HAVE_SYS_TYPES_H 1
#define HAVE_SYS_STAT_H 1
#define HAVE_STDLIB_H 1
#define HAVE_STRING_H 1
#define HAVE_MEMORY_H 1
#define HAVE_STRINGS_H 1
#define HAVE_INTTYPES_H 1
#define HAVE_STDINT_H 1
#define HAVE_UNISTD_H 1
#define HAVE_DLFCN_H 1
#define LT_OBJDIR ".libs/"
#define HAVE_STDLIB_H 1
#define HAVE_UNISTD_H 1
#define HAVE_SECURITY_PAM_MODULES_H 1
#define HAVE__BOOL 1

configure: exit 0

## ---------------------- ##
## Running config.status. ##
## ---------------------- ##

This file was extended by dbus_echo config.status 0.1, which was
generated by GNU Autoconf 2.69.  Invocation command line was

  CONFIG_FILES    = 
  CONFIG_HEADERS  = 
  CONFIG_LINKS    = 
  CONFIG_COMMANDS = 
  $ ./config.status 

on linux-a9xa

config.status:1089: creating Makefile
config.status:1089: creating config.h
config.status:1270: config.h is unchanged
config.status:1318: executing depfiles commands
config.status:1318: executing libtool commands

## ---------------------- ##
## Running config.status. ##
## ---------------------- ##

This file was extended by dbus_echo config.status 0.1, which was
generated by GNU Autoconf 2.69.  Invocation command line was

  CONFIG_FILES    = 
  CONFIG_HEADERS  = 
  CONFIG_LINKS    = 
  CONFIG_COMMANDS = 
  $ ./config.status config.h

on linux-a9xa

config.status:1089: creating config.h
config.status:1270: config.h is unchanged
